静静老师 2018-06-23 18:51:53
场景游戏 高晨峰 745 2018年06月23日

静静老师 2018-06-23 20:00:52
梦想中的房间 谢雨泽 1090 2018年06月20日

静静老师 2018-06-23 20:36:13
大巨人与小矮人 谢雨泽 1090 2018年06月06日

静静老师 2018-06-23 20:40:33
我的相框 胡馨兮 120 2018年06月29日

静静老师 2018-06-23 20:54:15
书立 花启昶 280 2018年06月23日

静静老师 2018-06-23 20:54:47
书立 花启昶 300 2018年06月24日

静静老师 2018-06-23 20:55:09
书立 花启昶 20 2018年06月24日

静静老师 2018-06-23 20:55:39
书立 花启昶 40 2018年06月24日

静静老师 2018-06-23 20:55:51
书立 花启昶 40 2018年07月01日

静静老师 2018-06-23 20:55:59
书立 花启昶 40 2018年07月28日

静静老师 2018-06-23 21:14:52
餐厅 谢雨泽 1090 2018年06月23日

静静老师 2018-06-23 21:15:07
餐厅 谢雨泽 1110 2018年06月24日

静静老师 2018-06-23 21:15:24
餐厅 谢雨泽 1000 2018年06月24日

静静老师 2018-06-23 21:15:51
餐厅 谢雨泽 1000 2018年06月24日

静静老师 2018-06-23 21:19:05
我的相框 谢雨泽 1040 2018年06月16日

静静老师 2018-06-23 21:19:19
我的相框 蒋雨晨 180 2018年06月16日

静静老师 2018-06-23 21:20:30
餐厅 谢雨泽 1060 2018年06月23日

静静老师 2018-06-23 21:21:15
我的相框 谢雨泽 1080 2018年06月24日

静静老师 2018-06-23 21:21:26
我的相框 花启昶 100 2018年06月24日

静静老师 2018-06-23 21:24:21
上楼梯 谢雨泽 1120 2018/6/29

静静老师 2018-06-23 21:24:33
上楼梯 谢雨泽 1140 2018/6/24

静静老师 2018-06-23 21:26:28
我的相框 吴欣宙 778 2018/6/24

静静老师 2018-06-23 21:36:39
上楼梯 谢雨泽 1160 2018/6/23

